<?xml version="1.0" encoding="UTF-8"?>
<!-- Generated by org.testng.reporters.JUnitReportReporter -->
<testsuite hostname="User-PC" name="com.third.MtFirstTest" tests="1" failures="0" timestamp="16 Jan 2020 05:41:34 GMT" time="5.347" errors="0">
  <testcase name="setUp" time="5.347" classname="com.third.MtFirstTest"/>
</testsuite> <!-- com.third.MtFirstTest -->
